<?xml version="1.0" encoding="UTF-8"?>
<!-- Generated by org.testng.reporters.JUnitXMLReporter -->
<testsuite ignored="0" hostname="DESKTOP-2INE22U" failures="1" tests="6" name="Default test" time="0.361" errors="0" timestamp="2022-09-14T20:44:08 IST">
  <testcase classname="TestPackage.KeywordsTest" name="TestB" time="0.016"/>
  <testcase classname="TestPackage.KeywordsTest" name="TestC" time="0.004"/>
  <testcase classname="TestPackage.KeywordsTest" name="TestA" time="0.007"/>
  <testcase classname="TestPackage.KeywordsTest" name="afterclass1" time="0.008"/>
  <testcase classname="TestPackage.KeywordsTest" name="verifyHomePage" time="0.033">
    <failure type="java.lang.AssertionError" message="null">
      <![CDATA[java.lang.AssertionError: null
at org.testng.Assert.fail(Assert.java:99)
at org.testng.Assert.fail(Assert.java:106)
at TestPackage.KeywordsTest.verifyHomePage(KeywordsTest.java:41)
at java.base/jdk.internal.reflect.NativeMethodAccessorImpl.invoke0(Native Method)
at java.base/jdk.internal.reflect.NativeMethodAccessorImpl.invoke(NativeMethodAccessorImpl.java:77)
at java.base/jdk.internal.reflect.DelegatingMethodAccessorImpl.invoke(DelegatingMethodAccessorImpl.java:43)
at java.base/java.lang.reflect.Method.invoke(Method.java:568)
at org.testng.internal.MethodInvocationHelper.invokeMethod(MethodInvocationHelper.java:133)
at org.testng.internal.InvokeMethodRunnable.runOne(InvokeMethodRunnable.java:45)
at org.testng.internal.InvokeMethodRunnable.call(InvokeMethodRunnable.java:73)
at org.testng.internal.InvokeMethodRunnable.call(InvokeMethodRunnable.java:11)
at java.base/java.util.concurrent.FutureTask.run(FutureTask.java:264)
at java.base/java.util.concurrent.ThreadPoolExecutor.runWorker(ThreadPoolExecutor.java:1136)
at java.base/java.util.concurrent.ThreadPoolExecutor$Worker.run(ThreadPoolExecutor.java:635)
at java.base/java.lang.Thread.run(Thread.java:833)
]]>
    </failure>
  </testcase> <!-- verifyHomePage -->
  <testcase classname="TestPackage.KeywordsTest" name="verifyLoginFunctinallity" time="0.013"/>
</testsuite> <!-- Default test -->
